-------------------------------------------------------------------------------->8
[2025-10-01T09:37:06.062025530Z][docker-desktop-user-distro] syncContextStores <HOME>/.docker/contexts <-> /mnt/c/Users/Jeff/.docker/contexts
[2025-10-01T09:37:06.097180615Z][docker-desktop-user-distro] syncContextStores <HOME>/.docker/contexts <-> /mnt/c/Users/Jeff/.docker/contexts os.Symlink <HOME>/.docker/contexts -> /mnt/c/Users/Jeff/.docker/contexts
-------------------------------------------------------------------------------->8
[2025-10-01T09:37:06.879603930Z][docker-desktop-user-distro] linkPathToWindows windowsPath = /mnt/c/Users/Jeff/.aws, linkPath = <HOME>/.aws
-------------------------------------------------------------------------------->8
[2025-10-01T09:37:07.361903482Z][docker-desktop-user-distro] linkPathToWindows windowsPath = /mnt/c/Users/Jeff/.azure, linkPath = <HOME>/.azure
-------------------------------------------------------------------------------->8
[2025-10-01T09:37:07.807087181Z][docker-desktop-user-distro] linkPathToWindows windowsPath = /mnt/c/Users/Jeff/.docker/features.json, linkPath = ~/.docker/features.json
-------------------------------------------------------------------------------->8
[2025-10-09T01:55:05.193413324Z][docker-desktop-user-distro] syncContextStores <HOME>/.docker/contexts <-> /mnt/c/Users/Jeff/.docker/contexts
[2025-10-09T01:55:05.210759361Z][docker-desktop-user-distro] syncContextStores <HOME>/.docker/contexts <-> /mnt/c/Users/Jeff/.docker/contexts: syncNoop
-------------------------------------------------------------------------------->8
[2025-10-09T01:55:05.544784868Z][docker-desktop-user-distro] linkPathToWindows windowsPath = /mnt/c/Users/Jeff/.aws, linkPath = <HOME>/.aws
[2025-10-09T01:55:05.556032477Z][docker-desktop-user-distro] no need to symlink <HOME>/.aws to /mnt/c/Users/Jeff/.aws: they are the same path already
-------------------------------------------------------------------------------->8
[2025-10-09T01:55:05.898940107Z][docker-desktop-user-distro] linkPathToWindows windowsPath = /mnt/c/Users/Jeff/.azure, linkPath = <HOME>/.azure
[2025-10-09T01:55:05.912121826Z][docker-desktop-user-distro] no need to symlink <HOME>/.azure to /mnt/c/Users/Jeff/.azure: they are the same path already
-------------------------------------------------------------------------------->8
[2025-10-09T01:55:06.255573944Z][docker-desktop-user-distro] linkPathToWindows windowsPath = /mnt/c/Users/Jeff/.docker/features.json, linkPath = ~/.docker/features.json
[2025-10-09T01:55:06.273569935Z][docker-desktop-user-distro] no need to symlink <HOME>/.docker/features.json to /mnt/c/Users/Jeff/.docker/features.json: they are the same path already
-------------------------------------------------------------------------------->8
[2025-10-11T01:56:42.945574065Z][docker-desktop-user-distro] syncContextStores <HOME>/.docker/contexts <-> /mnt/c/Users/Jeff/.docker/contexts
[2025-10-11T01:56:42.960749163Z][docker-desktop-user-distro] syncContextStores <HOME>/.docker/contexts <-> /mnt/c/Users/Jeff/.docker/contexts: syncNoop
-------------------------------------------------------------------------------->8
[2025-10-11T01:56:43.359248872Z][docker-desktop-user-distro] linkPathToWindows windowsPath = /mnt/c/Users/Jeff/.aws, linkPath = <HOME>/.aws
[2025-10-11T01:56:43.377559908Z][docker-desktop-user-distro] no need to symlink <HOME>/.aws to /mnt/c/Users/Jeff/.aws: they are the same path already
-------------------------------------------------------------------------------->8
[2025-10-11T01:56:43.765370660Z][docker-desktop-user-distro] linkPathToWindows windowsPath = /mnt/c/Users/Jeff/.azure, linkPath = <HOME>/.azure
[2025-10-11T01:56:43.780435477Z][docker-desktop-user-distro] no need to symlink <HOME>/.azure to /mnt/c/Users/Jeff/.azure: they are the same path already
-------------------------------------------------------------------------------->8
[2025-10-11T01:56:44.134235052Z][docker-desktop-user-distro] linkPathToWindows windowsPath = /mnt/c/Users/Jeff/.docker/features.json, linkPath = ~/.docker/features.json
[2025-10-11T01:56:44.154729579Z][docker-desktop-user-distro] no need to symlink <HOME>/.docker/features.json to /mnt/c/Users/Jeff/.docker/features.json: they are the same path already
-------------------------------------------------------------------------------->8
[2025-10-16T03:15:18.565558764Z][docker-desktop-user-distro] syncContextStores <HOME>/.docker/contexts <-> /mnt/c/Users/Jeff/.docker/contexts
[2025-10-16T03:15:18.585474239Z][docker-desktop-user-distro] syncContextStores <HOME>/.docker/contexts <-> /mnt/c/Users/Jeff/.docker/contexts: syncNoop
-------------------------------------------------------------------------------->8
[2025-10-16T03:15:18.983155855Z][docker-desktop-user-distro] linkPathToWindows windowsPath = /mnt/c/Users/Jeff/.aws, linkPath = <HOME>/.aws
[2025-10-16T03:15:18.997095834Z][docker-desktop-user-distro] no need to symlink <HOME>/.aws to /mnt/c/Users/Jeff/.aws: they are the same path already
-------------------------------------------------------------------------------->8
[2025-10-16T03:15:19.360986500Z][docker-desktop-user-distro] linkPathToWindows windowsPath = /mnt/c/Users/Jeff/.azure, linkPath = <HOME>/.azure
[2025-10-16T03:15:19.373703528Z][docker-desktop-user-distro] no need to symlink <HOME>/.azure to /mnt/c/Users/Jeff/.azure: they are the same path already
-------------------------------------------------------------------------------->8
[2025-10-16T03:15:19.736366254Z][docker-desktop-user-distro] linkPathToWindows windowsPath = /mnt/c/Users/Jeff/.docker/features.json, linkPath = ~/.docker/features.json
[2025-10-16T03:15:19.756833482Z][docker-desktop-user-distro] no need to symlink <HOME>/.docker/features.json to /mnt/c/Users/Jeff/.docker/features.json: they are the same path already
-------------------------------------------------------------------------------->8
[2025-10-16T04:55:20.981291140Z][docker-desktop-user-distro] syncContextStores <HOME>/.docker/contexts <-> /mnt/c/Users/Jeff/.docker/contexts
[2025-10-16T04:55:20.997602718Z][docker-desktop-user-distro] syncContextStores <HOME>/.docker/contexts <-> /mnt/c/Users/Jeff/.docker/contexts: syncNoop
-------------------------------------------------------------------------------->8
[2025-10-16T04:55:21.369336418Z][docker-desktop-user-distro] linkPathToWindows windowsPath = /mnt/c/Users/Jeff/.aws, linkPath = <HOME>/.aws
[2025-10-16T04:55:21.383088259Z][docker-desktop-user-distro] no need to symlink <HOME>/.aws to /mnt/c/Users/Jeff/.aws: they are the same path already
-------------------------------------------------------------------------------->8
[2025-10-16T04:55:21.774081963Z][docker-desktop-user-distro] linkPathToWindows windowsPath = /mnt/c/Users/Jeff/.azure, linkPath = <HOME>/.azure
[2025-10-16T04:55:21.788132745Z][docker-desktop-user-distro] no need to symlink <HOME>/.azure to /mnt/c/Users/Jeff/.azure: they are the same path already
-------------------------------------------------------------------------------->8
[2025-10-16T04:55:22.142662110Z][docker-desktop-user-distro] linkPathToWindows windowsPath = /mnt/c/Users/Jeff/.docker/features.json, linkPath = ~/.docker/features.json
[2025-10-16T04:55:22.163103710Z][docker-desktop-user-distro] no need to symlink <HOME>/.docker/features.json to /mnt/c/Users/Jeff/.docker/features.json: they are the same path already
-------------------------------------------------------------------------------->8
[2025-10-16T07:45:55.377646288Z][docker-desktop-user-distro] syncContextStores <HOME>/.docker/contexts <-> /mnt/c/Users/Jeff/.docker/contexts
[2025-10-16T07:45:55.396048942Z][docker-desktop-user-distro] syncContextStores <HOME>/.docker/contexts <-> /mnt/c/Users/Jeff/.docker/contexts: syncNoop
-------------------------------------------------------------------------------->8
[2025-10-16T07:45:55.747080583Z][docker-desktop-user-distro] linkPathToWindows windowsPath = /mnt/c/Users/Jeff/.aws, linkPath = <HOME>/.aws
[2025-10-16T07:45:55.761876641Z][docker-desktop-user-distro] no need to symlink <HOME>/.aws to /mnt/c/Users/Jeff/.aws: they are the same path already
-------------------------------------------------------------------------------->8
[2025-10-16T07:45:56.167261743Z][docker-desktop-user-distro] linkPathToWindows windowsPath = /mnt/c/Users/Jeff/.azure, linkPath = <HOME>/.azure
[2025-10-16T07:45:56.181985626Z][docker-desktop-user-distro] no need to symlink <HOME>/.azure to /mnt/c/Users/Jeff/.azure: they are the same path already
-------------------------------------------------------------------------------->8
[2025-10-16T07:45:56.548834385Z][docker-desktop-user-distro] linkPathToWindows windowsPath = /mnt/c/Users/Jeff/.docker/features.json, linkPath = ~/.docker/features.json
[2025-10-16T07:45:56.569229876Z][docker-desktop-user-distro] no need to symlink <HOME>/.docker/features.json to /mnt/c/Users/Jeff/.docker/features.json: they are the same path already
-------------------------------------------------------------------------------->8
[2025-10-16T15:53:27.368220294Z][docker-desktop-user-distro] syncContextStores <HOME>/.docker/contexts <-> /mnt/c/Users/Jeff/.docker/contexts
[2025-10-16T15:53:27.387074090Z][docker-desktop-user-distro] syncContextStores <HOME>/.docker/contexts <-> /mnt/c/Users/Jeff/.docker/contexts: syncNoop
-------------------------------------------------------------------------------->8
[2025-10-16T15:53:27.793746567Z][docker-desktop-user-distro] linkPathToWindows windowsPath = /mnt/c/Users/Jeff/.aws, linkPath = <HOME>/.aws
[2025-10-16T15:53:27.810499050Z][docker-desktop-user-distro] no need to symlink <HOME>/.aws to /mnt/c/Users/Jeff/.aws: they are the same path already
-------------------------------------------------------------------------------->8
[2025-10-16T15:53:28.266487874Z][docker-desktop-user-distro] linkPathToWindows windowsPath = /mnt/c/Users/Jeff/.azure, linkPath = <HOME>/.azure
[2025-10-16T15:53:28.281855140Z][docker-desktop-user-distro] no need to symlink <HOME>/.azure to /mnt/c/Users/Jeff/.azure: they are the same path already
-------------------------------------------------------------------------------->8
[2025-10-16T15:53:28.676211023Z][docker-desktop-user-distro] linkPathToWindows windowsPath = /mnt/c/Users/Jeff/.docker/features.json, linkPath = ~/.docker/features.json
[2025-10-16T15:53:28.700940473Z][docker-desktop-user-distro] no need to symlink <HOME>/.docker/features.json to /mnt/c/Users/Jeff/.docker/features.json: they are the same path already
-------------------------------------------------------------------------------->8
[2025-10-17T09:53:04.219133197Z][docker-desktop-user-distro] syncContextStores <HOME>/.docker/contexts <-> /mnt/c/Users/Jeff/.docker/contexts
[2025-10-17T09:53:04.237120352Z][docker-desktop-user-distro] syncContextStores <HOME>/.docker/contexts <-> /mnt/c/Users/Jeff/.docker/contexts: syncNoop
-------------------------------------------------------------------------------->8
[2025-10-17T09:53:04.610641115Z][docker-desktop-user-distro] linkPathToWindows windowsPath = /mnt/c/Users/Jeff/.aws, linkPath = <HOME>/.aws
[2025-10-17T09:53:04.625668229Z][docker-desktop-user-distro] no need to symlink <HOME>/.aws to /mnt/c/Users/Jeff/.aws: they are the same path already
-------------------------------------------------------------------------------->8
[2025-10-17T09:53:05.018511344Z][docker-desktop-user-distro] linkPathToWindows windowsPath = /mnt/c/Users/Jeff/.azure, linkPath = <HOME>/.azure
[2025-10-17T09:53:05.032802146Z][docker-desktop-user-distro] no need to symlink <HOME>/.azure to /mnt/c/Users/Jeff/.azure: they are the same path already
-------------------------------------------------------------------------------->8
[2025-10-17T09:53:05.428583340Z][docker-desktop-user-distro] linkPathToWindows windowsPath = /mnt/c/Users/Jeff/.docker/features.json, linkPath = ~/.docker/features.json
[2025-10-17T09:53:05.472691046Z][docker-desktop-user-distro] no need to symlink <HOME>/.docker/features.json to /mnt/c/Users/Jeff/.docker/features.json: they are the same path already
-------------------------------------------------------------------------------->8
[2025-10-17T11:17:11.987582812Z][docker-desktop-user-distro] syncContextStores <HOME>/.docker/contexts <-> /mnt/c/Users/Jeff/.docker/contexts
[2025-10-17T11:17:12.005519257Z][docker-desktop-user-distro] syncContextStores <HOME>/.docker/contexts <-> /mnt/c/Users/Jeff/.docker/contexts: syncNoop
-------------------------------------------------------------------------------->8
[2025-10-17T11:17:12.362928498Z][docker-desktop-user-distro] linkPathToWindows windowsPath = /mnt/c/Users/Jeff/.aws, linkPath = <HOME>/.aws
[2025-10-17T11:17:12.378398581Z][docker-desktop-user-distro] no need to symlink <HOME>/.aws to /mnt/c/Users/Jeff/.aws: they are the same path already
-------------------------------------------------------------------------------->8
[2025-10-17T11:17:12.747213916Z][docker-desktop-user-distro] linkPathToWindows windowsPath = /mnt/c/Users/Jeff/.azure, linkPath = <HOME>/.azure
[2025-10-17T11:17:12.761550512Z][docker-desktop-user-distro] no need to symlink <HOME>/.azure to /mnt/c/Users/Jeff/.azure: they are the same path already
-------------------------------------------------------------------------------->8
[2025-10-17T11:17:13.129828797Z][docker-desktop-user-distro] linkPathToWindows windowsPath = /mnt/c/Users/Jeff/.docker/features.json, linkPath = ~/.docker/features.json
[2025-10-17T11:17:13.171925435Z][docker-desktop-user-distro] no need to symlink <HOME>/.docker/features.json to /mnt/c/Users/Jeff/.docker/features.json: they are the same path already
-------------------------------------------------------------------------------->8
[2025-10-18T11:35:49.002743137Z][docker-desktop-user-distro] syncContextStores <HOME>/.docker/contexts <-> /mnt/c/Users/Jeff/.docker/contexts
[2025-10-18T11:35:49.073006246Z][docker-desktop-user-distro] syncContextStores <HOME>/.docker/contexts <-> /mnt/c/Users/Jeff/.docker/contexts: syncNoop
-------------------------------------------------------------------------------->8
[2025-10-18T11:35:49.657092026Z][docker-desktop-user-distro] linkPathToWindows windowsPath = /mnt/c/Users/Jeff/.aws, linkPath = <HOME>/.aws
[2025-10-18T11:35:49.674646466Z][docker-desktop-user-distro] no need to symlink <HOME>/.aws to /mnt/c/Users/Jeff/.aws: they are the same path already
-------------------------------------------------------------------------------->8
[2025-10-18T11:35:50.151007082Z][docker-desktop-user-distro] linkPathToWindows windowsPath = /mnt/c/Users/Jeff/.azure, linkPath = <HOME>/.azure
[2025-10-18T11:35:50.166553113Z][docker-desktop-user-distro] no need to symlink <HOME>/.azure to /mnt/c/Users/Jeff/.azure: they are the same path already
-------------------------------------------------------------------------------->8
[2025-10-18T11:35:50.595434694Z][docker-desktop-user-distro] linkPathToWindows windowsPath = /mnt/c/Users/Jeff/.docker/features.json, linkPath = ~/.docker/features.json
[2025-10-18T11:35:50.622067379Z][docker-desktop-user-distro] no need to symlink <HOME>/.docker/features.json to /mnt/c/Users/Jeff/.docker/features.json: they are the same path already
-------------------------------------------------------------------------------->8
[2025-10-28T02:47:49.357115170Z][docker-desktop-user-distro] syncContextStores <HOME>/.docker/contexts <-> /mnt/c/Users/Jeff/.docker/contexts
[2025-10-28T02:47:49.379778630Z][docker-desktop-user-distro] syncContextStores <HOME>/.docker/contexts <-> /mnt/c/Users/Jeff/.docker/contexts: syncNoop
-------------------------------------------------------------------------------->8
[2025-10-28T02:47:49.776734565Z][docker-desktop-user-distro] linkPathToWindows windowsPath = /mnt/c/Users/Jeff/.aws, linkPath = <HOME>/.aws
[2025-10-28T02:47:49.792587047Z][docker-desktop-user-distro] no need to symlink <HOME>/.aws to /mnt/c/Users/Jeff/.aws: they are the same path already
-------------------------------------------------------------------------------->8
[2025-10-28T02:47:50.179891970Z][docker-desktop-user-distro] linkPathToWindows windowsPath = /mnt/c/Users/Jeff/.azure, linkPath = <HOME>/.azure
[2025-10-28T02:47:50.196046524Z][docker-desktop-user-distro] no need to symlink <HOME>/.azure to /mnt/c/Users/Jeff/.azure: they are the same path already
-------------------------------------------------------------------------------->8
[2025-10-28T02:47:50.593792065Z][docker-desktop-user-distro] linkPathToWindows windowsPath = /mnt/c/Users/Jeff/.docker/features.json, linkPath = ~/.docker/features.json
[2025-10-28T02:47:50.612941252Z][docker-desktop-user-distro] no need to symlink <HOME>/.docker/features.json to /mnt/c/Users/Jeff/.docker/features.json: they are the same path already
-------------------------------------------------------------------------------->8
[2025-10-28T04:10:16.378282022Z][docker-desktop-user-distro] syncContextStores <HOME>/.docker/contexts <-> /mnt/c/Users/Jeff/.docker/contexts
[2025-10-28T04:10:16.395793949Z][docker-desktop-user-distro] syncContextStores <HOME>/.docker/contexts <-> /mnt/c/Users/Jeff/.docker/contexts: syncNoop
-------------------------------------------------------------------------------->8
[2025-10-28T04:10:16.774875085Z][docker-desktop-user-distro] linkPathToWindows windowsPath = /mnt/c/Users/Jeff/.aws, linkPath = <HOME>/.aws
[2025-10-28T04:10:16.790230551Z][docker-desktop-user-distro] no need to symlink <HOME>/.aws to /mnt/c/Users/Jeff/.aws: they are the same path already
-------------------------------------------------------------------------------->8
[2025-10-28T04:10:17.162740299Z][docker-desktop-user-distro] linkPathToWindows windowsPath = /mnt/c/Users/Jeff/.azure, linkPath = <HOME>/.azure
[2025-10-28T04:10:17.179723780Z][docker-desktop-user-distro] no need to symlink <HOME>/.azure to /mnt/c/Users/Jeff/.azure: they are the same path already
-------------------------------------------------------------------------------->8
[2025-10-28T04:10:17.530197547Z][docker-desktop-user-distro] linkPathToWindows windowsPath = /mnt/c/Users/Jeff/.docker/features.json, linkPath = ~/.docker/features.json
[2025-10-28T04:10:17.552325009Z][docker-desktop-user-distro] no need to symlink <HOME>/.docker/features.json to /mnt/c/Users/Jeff/.docker/features.json: they are the same path already
-------------------------------------------------------------------------------->8
[2025-10-28T04:25:18.981403164Z][docker-desktop-user-distro] syncContextStores <HOME>/.docker/contexts <-> /mnt/c/Users/Jeff/.docker/contexts
[2025-10-28T04:25:19.029130637Z][docker-desktop-user-distro] syncContextStores <HOME>/.docker/contexts <-> /mnt/c/Users/Jeff/.docker/contexts: syncNoop
-------------------------------------------------------------------------------->8
[2025-10-28T04:25:19.494171148Z][docker-desktop-user-distro] linkPathToWindows windowsPath = /mnt/c/Users/Jeff/.aws, linkPath = <HOME>/.aws
[2025-10-28T04:25:19.515952651Z][docker-desktop-user-distro] no need to symlink <HOME>/.aws to /mnt/c/Users/Jeff/.aws: they are the same path already
-------------------------------------------------------------------------------->8
[2025-10-28T04:25:20.014069023Z][docker-desktop-user-distro] linkPathToWindows windowsPath = /mnt/c/Users/Jeff/.azure, linkPath = <HOME>/.azure
[2025-10-28T04:25:20.032562824Z][docker-desktop-user-distro] no need to symlink <HOME>/.azure to /mnt/c/Users/Jeff/.azure: they are the same path already
-------------------------------------------------------------------------------->8
[2025-10-28T04:25:20.428535527Z][docker-desktop-user-distro] linkPathToWindows windowsPath = /mnt/c/Users/Jeff/.docker/features.json, linkPath = ~/.docker/features.json
[2025-10-28T04:25:20.451392790Z][docker-desktop-user-distro] no need to symlink <HOME>/.docker/features.json to /mnt/c/Users/Jeff/.docker/features.json: they are the same path already
-------------------------------------------------------------------------------->8
[2025-10-30T00:44:17.472460902Z][docker-desktop-user-distro] syncContextStores <HOME>/.docker/contexts <-> /mnt/c/Users/Jeff/.docker/contexts
[2025-10-30T00:44:17.491455033Z][docker-desktop-user-distro] syncContextStores <HOME>/.docker/contexts <-> /mnt/c/Users/Jeff/.docker/contexts: syncNoop
-------------------------------------------------------------------------------->8
[2025-10-30T00:44:17.876837633Z][docker-desktop-user-distro] linkPathToWindows windowsPath = /mnt/c/Users/Jeff/.aws, linkPath = <HOME>/.aws
[2025-10-30T00:44:17.890508687Z][docker-desktop-user-distro] no need to symlink <HOME>/.aws to /mnt/c/Users/Jeff/.aws: they are the same path already
-------------------------------------------------------------------------------->8
[2025-10-30T00:44:18.312254529Z][docker-desktop-user-distro] linkPathToWindows windowsPath = /mnt/c/Users/Jeff/.azure, linkPath = <HOME>/.azure
[2025-10-30T00:44:18.323740700Z][docker-desktop-user-distro] no need to symlink <HOME>/.azure to /mnt/c/Users/Jeff/.azure: they are the same path already
-------------------------------------------------------------------------------->8
[2025-10-30T00:44:18.665424012Z][docker-desktop-user-distro] linkPathToWindows windowsPath = /mnt/c/Users/Jeff/.docker/features.json, linkPath = ~/.docker/features.json
[2025-10-30T00:44:18.682074738Z][docker-desktop-user-distro] no need to symlink <HOME>/.docker/features.json to /mnt/c/Users/Jeff/.docker/features.json: they are the same path already
-------------------------------------------------------------------------------->8
[2025-10-31T08:00:34.851240983Z][docker-desktop-user-distro] syncContextStores <HOME>/.docker/contexts <-> /mnt/c/Users/Jeff/.docker/contexts
[2025-10-31T08:00:34.869081842Z][docker-desktop-user-distro] syncContextStores <HOME>/.docker/contexts <-> /mnt/c/Users/Jeff/.docker/contexts: syncNoop
-------------------------------------------------------------------------------->8
[2025-10-31T08:00:35.247258929Z][docker-desktop-user-distro] linkPathToWindows windowsPath = /mnt/c/Users/Jeff/.aws, linkPath = <HOME>/.aws
[2025-10-31T08:00:35.261808796Z][docker-desktop-user-distro] no need to symlink <HOME>/.aws to /mnt/c/Users/Jeff/.aws: they are the same path already
-------------------------------------------------------------------------------->8
[2025-10-31T08:00:35.662397194Z][docker-desktop-user-distro] linkPathToWindows windowsPath = /mnt/c/Users/Jeff/.azure, linkPath = <HOME>/.azure
[2025-10-31T08:00:35.677848573Z][docker-desktop-user-distro] no need to symlink <HOME>/.azure to /mnt/c/Users/Jeff/.azure: they are the same path already
-------------------------------------------------------------------------------->8
[2025-10-31T08:00:36.055542786Z][docker-desktop-user-distro] linkPathToWindows windowsPath = /mnt/c/Users/Jeff/.docker/features.json, linkPath = ~/.docker/features.json
[2025-10-31T08:00:36.077916293Z][docker-desktop-user-distro] no need to symlink <HOME>/.docker/features.json to /mnt/c/Users/Jeff/.docker/features.json: they are the same path already
-------------------------------------------------------------------------------->8
[2025-11-02T05:20:08.840613884Z][docker-desktop-user-distro] syncContextStores <HOME>/.docker/contexts <-> /mnt/c/Users/Jeff/.docker/contexts
[2025-11-02T05:20:08.860598023Z][docker-desktop-user-distro] syncContextStores <HOME>/.docker/contexts <-> /mnt/c/Users/Jeff/.docker/contexts: syncNoop
-------------------------------------------------------------------------------->8
[2025-11-02T05:20:09.428591512Z][docker-desktop-user-distro] linkPathToWindows windowsPath = /mnt/c/Users/Jeff/.aws, linkPath = <HOME>/.aws
[2025-11-02T05:20:09.452271333Z][docker-desktop-user-distro] no need to symlink <HOME>/.aws to /mnt/c/Users/Jeff/.aws: they are the same path already
-------------------------------------------------------------------------------->8
[2025-11-02T05:20:10.013608676Z][docker-desktop-user-distro] linkPathToWindows windowsPath = /mnt/c/Users/Jeff/.azure, linkPath = <HOME>/.azure
[2025-11-02T05:20:10.033099548Z][docker-desktop-user-distro] no need to symlink <HOME>/.azure to /mnt/c/Users/Jeff/.azure: they are the same path already
-------------------------------------------------------------------------------->8
[2025-11-02T05:20:10.676427354Z][docker-desktop-user-distro] linkPathToWindows windowsPath = /mnt/c/Users/Jeff/.docker/features.json, linkPath = ~/.docker/features.json
[2025-11-02T05:20:10.710567148Z][docker-desktop-user-distro] no need to symlink <HOME>/.docker/features.json to /mnt/c/Users/Jeff/.docker/features.json: they are the same path already
-------------------------------------------------------------------------------->8
[2025-11-02T05:32:17.561161712Z][docker-desktop-user-distro] syncContextStores <HOME>/.docker/contexts <-> /mnt/c/Users/Jeff/.docker/contexts
[2025-11-02T05:32:17.577631221Z][docker-desktop-user-distro] syncContextStores <HOME>/.docker/contexts <-> /mnt/c/Users/Jeff/.docker/contexts: syncNoop
-------------------------------------------------------------------------------->8
[2025-11-02T05:32:17.900180259Z][docker-desktop-user-distro] linkPathToWindows windowsPath = /mnt/c/Users/Jeff/.aws, linkPath = <HOME>/.aws
[2025-11-02T05:32:17.914172395Z][docker-desktop-user-distro] no need to symlink <HOME>/.aws to /mnt/c/Users/Jeff/.aws: they are the same path already
-------------------------------------------------------------------------------->8
[2025-11-02T05:32:18.290182124Z][docker-desktop-user-distro] linkPathToWindows windowsPath = /mnt/c/Users/Jeff/.azure, linkPath = <HOME>/.azure
[2025-11-02T05:32:18.304352332Z][docker-desktop-user-distro] no need to symlink <HOME>/.azure to /mnt/c/Users/Jeff/.azure: they are the same path already
-------------------------------------------------------------------------------->8
[2025-11-02T05:32:18.642623638Z][docker-desktop-user-distro] linkPathToWindows windowsPath = /mnt/c/Users/Jeff/.docker/features.json, linkPath = ~/.docker/features.json
[2025-11-02T05:32:18.664269226Z][docker-desktop-user-distro] no need to symlink <HOME>/.docker/features.json to /mnt/c/Users/Jeff/.docker/features.json: they are the same path already
-------------------------------------------------------------------------------->8
[2025-11-07T14:30:15.987439846Z][docker-desktop-user-distro] syncContextStores <HOME>/.docker/contexts <-> /mnt/c/Users/Jeff/.docker/contexts
[2025-11-07T14:30:16.017503195Z][docker-desktop-user-distro] syncContextStores <HOME>/.docker/contexts <-> /mnt/c/Users/Jeff/.docker/contexts: syncNoop
-------------------------------------------------------------------------------->8
[2025-11-07T14:30:15.221123100Z][docker-desktop-user-distro] linkPathToWindows windowsPath = /mnt/c/Users/Jeff/.aws, linkPath = <HOME>/.aws
[2025-11-07T14:30:15.237828666Z][docker-desktop-user-distro] no need to symlink <HOME>/.aws to /mnt/c/Users/Jeff/.aws: they are the same path already
-------------------------------------------------------------------------------->8
[2025-11-07T14:30:15.752371236Z][docker-desktop-user-distro] linkPathToWindows windowsPath = /mnt/c/Users/Jeff/.azure, linkPath = <HOME>/.azure
[2025-11-07T14:30:15.765753428Z][docker-desktop-user-distro] no need to symlink <HOME>/.azure to /mnt/c/Users/Jeff/.azure: they are the same path already
-------------------------------------------------------------------------------->8
[2025-11-07T14:30:16.228461409Z][docker-desktop-user-distro] linkPathToWindows windowsPath = /mnt/c/Users/Jeff/.docker/features.json, linkPath = ~/.docker/features.json
[2025-11-07T14:30:16.250872227Z][docker-desktop-user-distro] no need to symlink <HOME>/.docker/features.json to /mnt/c/Users/Jeff/.docker/features.json: they are the same path already
